<?xml version="1.0" encoding="UTF-8"?>
<!-- Generated by org.testng.reporters.JUnitXMLReporter -->
<testsuite ignored="0" hostname="st-Precision-3530" failures="2" tests="15" name="Test" time="289.494" errors="0" timestamp="2023-09-18T15:28:48 IST">
  <testcase classname="com.tcartSite.Tcarts_Food_PreOrder" name="browserLaunch" time="3.168"/>
  <testcase classname="com.tcartSite.Tcarts_Food_PreOrder" name="dashboard" time="11.234"/>
  <testcase classname="com.tcartSite.Tcarts_Food_PreOrder" name="sales" time="30.86"/>
  <testcase classname="com.tcartSite.Tcarts_Food_PreOrder" name="student" time="3.152">
    <failure type="org.openqa.selenium.ElementClickInterceptedException" message="Element &amp;lt;button class=&amp;quot;btn btn-secondary buttons-add btn-success&amp;quot; type=&amp;quot;button&amp;quot;&amp;gt; is not clickable at point (922,169) because another element &amp;lt;div id=&amp;quot;loader&amp;quot;&amp;gt; obscures it
Build info: version: &amp;apos;4.11.0&amp;apos;, revision: &amp;apos;040bc5406b&amp;apos;
System info: os.name: &amp;apos;Linux&amp;apos;, os.arch: &amp;apos;amd64&amp;apos;, os.version: &amp;apos;5.15.0-83-generic&amp;apos;, java.version: &amp;apos;17.0.8&amp;apos;
Driver info: org.openqa.selenium.firefox.FirefoxDriver
Command: [37b3eca4-eeca-4e91-b12e-5a65dd94e3d4, clickElement {id=760366f3-3e3c-4d7b-ba28-5385ff2301ac}]
Capabilities {acceptInsecureCerts: true, browserName: firefox, browserVersion: 117.0.1, moz:accessibilityChecks: false, moz:buildID: 20230912013654, moz:debuggerAddress: 127.0.0.1:16446, moz:geckodriverVersion: 0.33.0, moz:headless: false, moz:platformVersion: 5.15.0-83-generic, moz:processID: 4607, moz:profile: /tmp/rust_mozprofilesP1Uva, moz:shutdownTimeout: 60000, moz:webdriverClick: true, moz:windowless: false, pageLoadStrategy: normal, platformName: linux, proxy: Proxy(), se:cdp: ws://127.0.0.1:16446/devtoo..., se:cdpVersion: 85.0, setWindowRect: true, strictFileInteractability: false, timeouts: {implicit: 0, pageLoad: 300000, script: 30000}, unhandledPromptBehavior: dismiss and notify}
Element: [[FirefoxDriver: firefox on linux (37b3eca4-eeca-4e91-b12e-5a65dd94e3d4)] -&amp;gt; xpath: //button[normalize-space()=&amp;apos;New&amp;apos;]]
Session ID: 37b3eca4-eeca-4e91-b12e-5a65dd94e3d4">
      <![CDATA[org.openqa.selenium.ElementClickInterceptedException: Element <button class="btn btn-secondary buttons-add btn-success" type="button"> is not clickable at point (922,169) because another element <div id="loader"> obscures it
Build info: version: '4.11.0', revision: '040bc5406b'
System info: os.name: 'Linux', os.arch: 'amd64', os.version: '5.15.0-83-generic', java.version: '17.0.8'
Driver info: org.openqa.selenium.firefox.FirefoxDriver
Command: [37b3eca4-eeca-4e91-b12e-5a65dd94e3d4, clickElement {id=760366f3-3e3c-4d7b-ba28-5385ff2301ac}]
Capabilities {acceptInsecureCerts: true, browserName: firefox, browserVersion: 117.0.1, moz:accessibilityChecks: false, moz:buildID: 20230912013654, moz:debuggerAddress: 127.0.0.1:16446, moz:geckodriverVersion: 0.33.0, moz:headless: false, moz:platformVersion: 5.15.0-83-generic, moz:processID: 4607, moz:profile: /tmp/rust_mozprofilesP1Uva, moz:shutdownTimeout: 60000, moz:webdriverClick: true, moz:windowless: false, pageLoadStrategy: normal, platformName: linux, proxy: Proxy(), se:cdp: ws://127.0.0.1:16446/devtoo..., se:cdpVersion: 85.0, setWindowRect: true, strictFileInteractability: false, timeouts: {implicit: 0, pageLoad: 300000, script: 30000}, unhandledPromptBehavior: dismiss and notify}
Element: [[FirefoxDriver: firefox on linux (37b3eca4-eeca-4e91-b12e-5a65dd94e3d4)] -> xpath: //button[normalize-space()='New']]
Session ID: 37b3eca4-eeca-4e91-b12e-5a65dd94e3d4
at org.openqa.selenium.remote.codec.w3c.W3CHttpResponseCodec.createException(W3CHttpResponseCodec.java:200)
at org.openqa.selenium.remote.codec.w3c.W3CHttpResponseCodec.decode(W3CHttpResponseCodec.java:133)
at org.openqa.selenium.remote.codec.w3c.W3CHttpResponseCodec.decode(W3CHttpResponseCodec.java:52)
at org.openqa.selenium.remote.HttpCommandExecutor.execute(HttpCommandExecutor.java:191)
at org.openqa.selenium.remote.service.DriverCommandExecutor.invokeExecute(DriverCommandExecutor.java:196)
at org.openqa.selenium.remote.service.DriverCommandExecutor.execute(DriverCommandExecutor.java:171)
at org.openqa.selenium.remote.RemoteWebDriver.execute(RemoteWebDriver.java:518)
at org.openqa.selenium.remote.RemoteWebElement.execute(RemoteWebElement.java:224)
at org.openqa.selenium.remote.RemoteWebElement.click(RemoteWebElement.java:77)
at org.openqa.selenium.support.pagefactory.internal.LocatingElementHandler.invoke(LocatingElementHandler.java:51)
at jdk.proxy2/jdk.proxy2.$Proxy14.click(Unknown Source)
at com.baseClass.BaseClass.clickonelement(BaseClass.java:79)
at com.tcartSite.Tcarts_Food_PreOrder.student(Tcarts_Food_PreOrder.java:131)
at java.base/java.util.ArrayList.forEach(ArrayList.java:1511)
... Removed 35 stack frames]]>
    </failure>
  </testcase> <!-- student -->
  <testcase classname="com.tcartSite.Tcarts_Food_PreOrder" name="staff" time="27.77"/>
  <testcase classname="com.tcartSite.Tcarts_Food_PreOrder" name="canteenStaff" time="18.203">
    <failure type="org.openqa.selenium.ElementNotInteractableException" message="Element &amp;lt;button class=&amp;quot;swal2-cancel swal2-styled&amp;quot; type=&amp;quot;button&amp;quot;&amp;gt; could not be scrolled into view
Build info: version: &amp;apos;4.11.0&amp;apos;, revision: &amp;apos;040bc5406b&amp;apos;
System info: os.name: &amp;apos;Linux&amp;apos;, os.arch: &amp;apos;amd64&amp;apos;, os.version: &amp;apos;5.15.0-83-generic&amp;apos;, java.version: &amp;apos;17.0.8&amp;apos;
Driver info: org.openqa.selenium.firefox.FirefoxDriver
Command: [37b3eca4-eeca-4e91-b12e-5a65dd94e3d4, clickElement {id=59ff461b-3acc-4624-9550-366df69961f3}]
Capabilities {acceptInsecureCerts: true, browserName: firefox, browserVersion: 117.0.1, moz:accessibilityChecks: false, moz:buildID: 20230912013654, moz:debuggerAddress: 127.0.0.1:16446, moz:geckodriverVersion: 0.33.0, moz:headless: false, moz:platformVersion: 5.15.0-83-generic, moz:processID: 4607, moz:profile: /tmp/rust_mozprofilesP1Uva, moz:shutdownTimeout: 60000, moz:webdriverClick: true, moz:windowless: false, pageLoadStrategy: normal, platformName: linux, proxy: Proxy(), se:cdp: ws://127.0.0.1:16446/devtoo..., se:cdpVersion: 85.0, setWindowRect: true, strictFileInteractability: false, timeouts: {implicit: 0, pageLoad: 300000, script: 30000}, unhandledPromptBehavior: dismiss and notify}
Element: [[FirefoxDriver: firefox on linux (37b3eca4-eeca-4e91-b12e-5a65dd94e3d4)] -&amp;gt; xpath: //button[normalize-space()=&amp;apos;Cancel&amp;apos;]]
Session ID: 37b3eca4-eeca-4e91-b12e-5a65dd94e3d4">
      <![CDATA[org.openqa.selenium.ElementNotInteractableException: Element <button class="swal2-cancel swal2-styled" type="button"> could not be scrolled into view
Build info: version: '4.11.0', revision: '040bc5406b'
System info: os.name: 'Linux', os.arch: 'amd64', os.version: '5.15.0-83-generic', java.version: '17.0.8'
Driver info: org.openqa.selenium.firefox.FirefoxDriver
Command: [37b3eca4-eeca-4e91-b12e-5a65dd94e3d4, clickElement {id=59ff461b-3acc-4624-9550-366df69961f3}]
Capabilities {acceptInsecureCerts: true, browserName: firefox, browserVersion: 117.0.1, moz:accessibilityChecks: false, moz:buildID: 20230912013654, moz:debuggerAddress: 127.0.0.1:16446, moz:geckodriverVersion: 0.33.0, moz:headless: false, moz:platformVersion: 5.15.0-83-generic, moz:processID: 4607, moz:profile: /tmp/rust_mozprofilesP1Uva, moz:shutdownTimeout: 60000, moz:webdriverClick: true, moz:windowless: false, pageLoadStrategy: normal, platformName: linux, proxy: Proxy(), se:cdp: ws://127.0.0.1:16446/devtoo..., se:cdpVersion: 85.0, setWindowRect: true, strictFileInteractability: false, timeouts: {implicit: 0, pageLoad: 300000, script: 30000}, unhandledPromptBehavior: dismiss and notify}
Element: [[FirefoxDriver: firefox on linux (37b3eca4-eeca-4e91-b12e-5a65dd94e3d4)] -> xpath: //button[normalize-space()='Cancel']]
Session ID: 37b3eca4-eeca-4e91-b12e-5a65dd94e3d4
at org.openqa.selenium.remote.codec.w3c.W3CHttpResponseCodec.createException(W3CHttpResponseCodec.java:200)
at org.openqa.selenium.remote.codec.w3c.W3CHttpResponseCodec.decode(W3CHttpResponseCodec.java:133)
at org.openqa.selenium.remote.codec.w3c.W3CHttpResponseCodec.decode(W3CHttpResponseCodec.java:52)
at org.openqa.selenium.remote.HttpCommandExecutor.execute(HttpCommandExecutor.java:191)
at org.openqa.selenium.remote.service.DriverCommandExecutor.invokeExecute(DriverCommandExecutor.java:196)
at org.openqa.selenium.remote.service.DriverCommandExecutor.execute(DriverCommandExecutor.java:171)
at org.openqa.selenium.remote.RemoteWebDriver.execute(RemoteWebDriver.java:518)
at org.openqa.selenium.remote.RemoteWebElement.execute(RemoteWebElement.java:224)
at org.openqa.selenium.remote.RemoteWebElement.click(RemoteWebElement.java:77)
at com.tcartSite.Tcarts_Food_PreOrder.canteenStaff(Tcarts_Food_PreOrder.java:315)
at java.base/java.util.ArrayList.forEach(ArrayList.java:1511)
... Removed 32 stack frames]]>
    </failure>
  </testcase> <!-- canteenStaff -->
  <testcase classname="com.tcartSite.Tcarts_Food_PreOrder" name="guest" time="8.346"/>
  <testcase classname="com.tcartSite.Tcarts_Food_PreOrder" name="canteen" time="54.805"/>
  <testcase classname="com.tcartSite.Tcarts_Food_PreOrder" name="Dishes" time="38.461"/>
  <testcase classname="com.tcartSite.Tcarts_Food_PreOrder" name="gst" time="12.026"/>
  <testcase classname="com.tcartSite.Tcarts_Food_PreOrder" name="stockreports" time="32.631"/>
  <testcase classname="com.tcartSite.Tcarts_Food_PreOrder" name="salesReport" time="19.168"/>
  <testcase classname="com.tcartSite.Tcarts_Food_PreOrder" name="gstReport" time="8.107"/>
  <testcase classname="com.tcartSite.Tcarts_Food_PreOrder" name="feedback" time="15.131"/>
  <testcase classname="com.tcartSite.Tcarts_Food_PreOrder" name="logout" time="6.357"/>
</testsuite> <!-- Test -->
