<?xml version="1.0" encoding="UTF-8"?>
<!-- Generated by org.testng.reporters.JUnitXMLReporter -->
<testsuite ignored="0" hostname="st-Precision-3530" failures="0" tests="4" name="Test" time="41.304" errors="0" timestamp="2023-09-07T17:29:28 IST">
  <testcase classname="com.tcartSite.Task" name="BrowserLaunch" time="1.736"/>
  <testcase classname="com.tcartSite.Task" name="gst" time="12.225"/>
  <testcase classname="com.tcartSite.Task" name="gstReport" time="8.149"/>
  <testcase classname="com.tcartSite.Task" name="salesReport" time="19.151"/>
</testsuite> <!-- Test -->
